# JRE version: Java(TM) SE Runtime Environment (16.0.1+9) (build 16.0.1+9-24)
# Java VM: Java HotSpot(TM) 64-Bit Server VM (16.0.1+9-24, mixed mode, sharing, tiered, compressed oops, compressed class ptrs, g1 gc, windows-amd64)
GC Precious Log:
 CPUs: 4 total, 4 available
 Memory: 8112M
 Large Page Support: Disabled
 NUMA Support: Disabled
 Compressed Oops: Enabled (32-bit)
 Heap Region Size: 1M
 Heap Min Capacity: 256M
 Heap Initial Capacity: 256M
 Heap Max Capacity: 2G
 Pre-touch: Disabled
 Parallel Workers: 4
 Concurrent Workers: 1
 Concurrent Refinement Workers: 4
 Periodic GC: Disabled
Heap:
 garbage-first heap   total 262144K, used 184870K [0x0000000080000000, 0x0000000100000000)
  region size 1024K, 136 young (139264K), 13 survivors (13312K)
 Metaspace       used 66474K, committed 68544K, reserved 1114112K
  class space    used 7650K, committed 8512K, reserved 1048576K
GC Heap History (15 events):
Event: 0.412 GC heap before
{Heap before GC invocations=0 (full 0):
 garbage-first heap   total 262144K, used 12288K [0x0000000080000000, 0x0000000100000000)
  region size 1024K, 13 young (13312K), 0 survivors (0K)
 Metaspace       used 2952K, committed 3136K, reserved 1056768K
  class space    used 259K, committed 320K, reserved 1048576K
}
Event: 0.419 GC heap after
{Heap after GC invocations=1 (full 0):
 garbage-first heap   total 262144K, used 2230K [0x0000000080000000, 0x0000000100000000)
  region size 1024K, 2 young (2048K), 2 survivors (2048K)
 Metaspace       used 2952K, committed 3136K, reserved 1056768K
  class space    used 259K, committed 320K, reserved 1048576K
}
Event: 0.779 GC heap before
{Heap before GC invocations=1 (full 0):
 garbage-first heap   total 262144K, used 19638K [0x0000000080000000, 0x0000000100000000)
  region size 1024K, 19 young (19456K), 2 survivors (2048K)
 Metaspace       used 5602K, committed 5760K, reserved 1056768K
  class space    used 512K, committed 576K, reserved 1048576K
}
Event: 0.785 GC heap after
{Heap after GC invocations=2 (full 0):
 garbage-first heap   total 262144K, used 5178K [0x0000000080000000, 0x0000000100000000)
  region size 1024K, 3 young (3072K), 3 survivors (3072K)
 Metaspace       used 5602K, committed 5760K, reserved 1056768K
  class space    used 512K, committed 576K, reserved 1048576K
}
Event: 3.190 GC heap before
{Heap before GC invocations=2 (full 0):
 garbage-first heap   total 262144K, used 123962K [0x0000000080000000, 0x0000000100000000)
  region size 1024K, 120 young (122880K), 3 survivors (3072K)
 Metaspace       used 20453K, committed 21248K, reserved 1073152K
  class space    used 2036K, committed 2368K, reserved 1048576K
}
Event: 3.225 GC heap after
{Heap after GC invocations=3 (full 0):
 garbage-first heap   total 262144K, used 22677K [0x0000000080000000, 0x0000000100000000)
  region size 1024K, 20 young (20480K), 20 survivors (20480K)
 Metaspace       used 20453K, committed 21248K, reserved 1073152K
  class space    used 2036K, committed 2368K, reserved 1048576K
}
Event: 4.824 GC heap before
{Heap before GC invocations=4 (full 0):
 garbage-first heap   total 262144K, used 94357K [0x0000000080000000, 0x0000000100000000)
  region size 1024K, 90 young (92160K), 20 survivors (20480K)
 Metaspace       used 29957K, committed 30912K, reserved 1081344K
  class space    used 3383K, committed 3776K, reserved 1048576K
}
Event: 4.859 GC heap after
{Heap after GC invocations=5 (full 0):
 garbage-first heap   total 262144K, used 32234K [0x0000000080000000, 0x0000000100000000)
  region size 1024K, 12 young (12288K), 12 survivors (12288K)
 Metaspace       used 29957K, committed 30912K, reserved 1081344K
  class space    used 3383K, committed 3776K, reserved 1048576K
}
Event: 5.656 GC heap before
{Heap before GC invocations=5 (full 0):
 garbage-first heap   total 262144K, used 92650K [0x0000000080000000, 0x0000000100000000)
  region size 1024K, 66 young (67584K), 12 survivors (12288K)
 Metaspace       used 34972K, committed 35968K, reserved 1081344K
  class space    used 3958K, committed 4352K, reserved 1048576K
}
Event: 5.684 GC heap after
{Heap after GC invocations=6 (full 0):
 garbage-first heap   total 262144K, used 40960K [0x0000000080000000, 0x0000000100000000)
  region size 1024K, 8 young (8192K), 8 survivors (8192K)
 Metaspace       used 34972K, committed 35968K, reserved 1081344K
  class space    used 3958K, committed 4352K, reserved 1048576K
}
Event: 8.597 GC heap before
{Heap before GC invocations=7 (full 0):
 garbage-first heap   total 262144K, used 150528K [0x0000000080000000, 0x0000000100000000)
  region size 1024K, 114 young (116736K), 8 survivors (8192K)
 Metaspace       used 48317K, committed 49728K, reserved 1097728K
  class space    used 5474K, committed 6016K, reserved 1048576K
}
Event: 8.614 GC heap after
{Heap after GC invocations=8 (full 0):
 garbage-first heap   total 262144K, used 49152K [0x0000000080000000, 0x0000000100000000)
  region size 1024K, 15 young (15360K), 15 survivors (15360K)
 Metaspace       used 48317K, committed 49728K, reserved 1097728K
  class space    used 5474K, committed 6016K, reserved 1048576K
}
Event: 11.885 GC heap before
{Heap before GC invocations=9 (full 0):
 garbage-first heap   total 262144K, used 166912K [0x0000000080000000, 0x0000000100000000)
  region size 1024K, 130 young (133120K), 15 survivors (15360K)
 Metaspace       used 58591K, committed 60416K, reserved 1105920K
  class space    used 6650K, committed 7360K, reserved 1048576K
}
Event: 11.914 GC heap after
{Heap after GC invocations=10 (full 0):
 garbage-first heap   total 262144K, used 57894K [0x0000000080000000, 0x0000000100000000)
  region size 1024K, 17 young (17408K), 17 survivors (17408K)
 Metaspace       used 58591K, committed 60416K, reserved 1105920K
  class space    used 6650K, committed 7360K, reserved 1048576K
}
Event: 18.277 GC heap before
{Heap before GC invocations=10 (full 0):
 garbage-first heap   total 262144K, used 183846K [0x0000000080000000, 0x0000000100000000)
  region size 1024K, 140 young (143360K), 17 survivors (17408K)
 Metaspace       used 66474K, committed 68544K, reserved 1114112K
  class space    used 7650K, committed 8512K, reserved 1048576K
}

